<?xml version="1.0" encoding="UTF-8"?>
<testsuite xmlns:xsi="http://www.w3.org/2001/XMLSchema-instance" xsi:noNamespaceSchemaLocation="https://maven.apache.org/surefire/maven-surefire-plugin/xsd/surefire-test-report-3.0.xsd" version="3.0" name="TestSuite" time="41.893" tests="4" errors="0" skipped="0" failures="0">
  <properties>
[...]
</properties>
  <testcase name="titleCheck" classname="jaiwincode.TestDemo" time="11.2">
    <system-err><![CDATA[Dec 19, 2023 11:29:58 PM org.openqa.selenium.remote.tracing.opentelemetry.OpenTelemetryTracer createTracer
INFO: Using OpenTelemetry for tracing
]]></system-err>
  </testcase>
  <testcase name="titleCheck" classname="jaiwincode.TestDemo" time="10.721"/>
  <testcase name="titleCheckGoogle" classname="jaiwincode.TestDemo2" time="10.099"/>
  <testcase name="titleCheckGoogle" classname="jaiwincode.TestDemo2" time="10.789"/>
</testsuite>